<?xml version="1.0" encoding="UTF-8"?>
<testsuite name="io.pivotal.ampacheco.learnspringboot.LearnSpringBootApplicationTests" tests="1" skipped="0" failures="0" errors="0" timestamp="2018-07-01T01:20:19" hostname="Alejandros-MBP" time="0.22">
  <properties/>
  <testcase name="contextLoads" classname="io.pivotal.ampacheco.learnspringboot.LearnSpringBootApplicationTests" time="0.22"/>
  <system-out><![CDATA[21:20:08.689 [Test worker] DEBUG org.springframework.test.context.junit4.SpringJUnit4ClassRunner - SpringJUnit4ClassRunner constructor called with [class io.pivotal.ampacheco.learnspringboot.LearnSpringBootApplicationTests]
21:20:08.700 [Test worker] DEBUG org.springframework.test.context.BootstrapUtils - Instantiating CacheAwareContextLoaderDelegate from class [org.springframework.test.context.cache.DefaultCacheAwareContextLoaderDelegate]
21:20:08.715 [Test worker] DEBUG org.springframework.test.context.BootstrapUtils - Instantiating BootstrapContext using constructor [public org.springframework.test.context.support.DefaultBootstrapContext(java.lang.Class,org.springframework.test.context.CacheAwareContextLoaderDelegate)]
21:20:08.785 [Test worker] DEBUG org.springframework.test.context.BootstrapUtils - Instantiating TestContextBootstrapper for test class [io.pivotal.ampacheco.learnspringboot.LearnSpringBootApplicationTests] from class [org.springframework.boot.test.context.SpringBootTestContextBootstrapper]
21:20:08.840 [Test worker] INFO org.springframework.boot.test.context.SpringBootTestContextBootstrapper - Neither @ContextConfiguration nor @ContextHierarchy found for test class [io.pivotal.ampacheco.learnspringboot.LearnSpringBootApplicationTests], using SpringBootContextLoader
21:20:08.850 [Test worker] DEBUG org.springframework.test.context.support.AbstractContextLoader - Did not detect default resource location for test class [io.pivotal.ampacheco.learnspringboot.LearnSpringBootApplicationTests]: class path resource [io/pivotal/ampacheco/learnspringboot/LearnSpringBootApplicationTests-context.xml] does not exist
21:20:08.854 [Test worker] DEBUG org.springframework.test.context.support.AbstractContextLoader - Did not detect default resource location for test class [io.pivotal.ampacheco.learnspringboot.LearnSpringBootApplicationTests]: class path resource [io/pivotal/ampacheco/learnspringboot/LearnSpringBootApplicationTestsContext.groovy] does not exist
21:20:08.857 [Test worker] INFO org.springframework.test.context.support.AbstractContextLoader - Could not detect default resource locations for test class [io.pivotal.ampacheco.learnspringboot.LearnSpringBootApplicationTests]: no resource found for suffixes {-context.xml, Context.groovy}.
21:20:08.861 [Test worker] INFO org.springframework.test.context.support.AnnotationConfigContextLoaderUtils - Could not detect default configuration classes for test class [io.pivotal.ampacheco.learnspringboot.LearnSpringBootApplicationTests]: LearnSpringBootApplicationTests does not declare any static, non-private, non-final, nested classes annotated with @Configuration.
21:20:08.995 [Test worker] DEBUG org.springframework.test.context.support.ActiveProfilesUtils - Could not find an 'annotation declaring class' for annotation type [org.springframework.test.context.ActiveProfiles] and class [io.pivotal.ampacheco.learnspringboot.LearnSpringBootApplicationTests]
21:20:09.025 [Test worker] DEBUG org.springframework.core.env.StandardEnvironment - Adding PropertySource 'systemProperties' with lowest search precedence
21:20:09.027 [Test worker] DEBUG org.springframework.core.env.StandardEnvironment - Adding PropertySource 'systemEnvironment' with lowest search precedence
21:20:09.028 [Test worker] DEBUG org.springframework.core.env.StandardEnvironment - Initialized StandardEnvironment with PropertySources [MapPropertySource@612524129 {name='systemProperties', properties={java.runtime.name=Java(TM) SE Runtime Environment, sun.boot.library.path=/Library/Java/JavaVirtualMachines/jdk1.8.0_161.jdk/Contents/Home/jre/lib, java.vm.version=25.161-b12, gopherProxySet=false, java.vm.vendor=Oracle Corporation, java.vendor.url=http://java.oracle.com/, path.separator=:, java.vm.name=Java HotSpot(TM) 64-Bit Server VM, file.encoding.pkg=sun.io, sun.java.launcher=SUN_STANDARD, user.country=CL, sun.os.patch.level=unknown, java.vm.specification.name=Java Virtual Machine Specification, user.dir=/Users/apacheco/code/learn-spring-boot, java.runtime.version=1.8.0_161-b12, java.awt.graphicsenv=sun.awt.CGraphicsEnvironment, java.endorsed.dirs=/Library/Java/JavaVirtualMachines/jdk1.8.0_161.jdk/Contents/Home/jre/lib/endorsed, os.arch=x86_64, java.io.tmpdir=/var/folders/fk/5kc9vt5j0f7672mwz77550n00000gn/T/, line.separator=
, java.vm.specification.vendor=Oracle Corporation, user.variant=, os.name=Mac OS X, sun.jnu.encoding=UTF-8, java.library.path=/Users/apacheco/Library/Java/Extensions:/Library/Java/Extensions:/Network/Library/Java/Extensions:/System/Library/Java/Extensions:/usr/lib/java:., java.specification.name=Java Platform API Specification, java.class.version=52.0, org.gradle.native=false, sun.management.compiler=HotSpot 64-Bit Tiered Compilers, os.version=10.13.5, http.nonProxyHosts=local|*.local|169.254/16|*.169.254/16, user.home=/Users/apacheco, user.timezone=America/Santiago, java.awt.printerjob=sun.lwawt.macosx.CPrinterJob, file.encoding=UTF-8, java.specification.version=1.8, java.class.path=/Users/apacheco/code/learn-spring-boot/build/classes/java/test:/Users/apacheco/code/learn-spring-boot/build/resources/test:/Users/apacheco/code/learn-spring-boot/build/classes/java/main:/Users/apacheco/code/learn-spring-boot/build/resources/main:/Users/apacheco/.gradle/caches/modules-2/files-2.1/org.springframework.boot/spring-boot-starter-data-mongodb-reactive/2.0.3.RELEASE/34ac2de08b8ac05b82ffcd45047faf1e7fca51e/spring-boot-starter-data-mongodb-reactive-2.0.3.RELEASE.jar:/Users/apacheco/.gradle/caches/modules-2/files-2.1/org.springframework.boot/spring-boot-starter-thymeleaf/2.0.3.RELEASE/7a8cf11f5b7faa244e1979df491811bc0c858743/spring-boot-starter-thymeleaf-2.0.3.RELEASE.jar:/Users/apacheco/.gradle/caches/modules-2/files-2.1/org.springframework.boot/spring-boot-starter-webflux/2.0.3.RELEASE/eed9177298124780a7dec0ba7a68e42268122a5f/spring-boot-starter-webflux-2.0.3.RELEASE.jar:/Users/apacheco/.gradle/caches/modules-2/files-2.1/org.springframework.boot/spring-boot-starter-actuator/2.0.3.RELEASE/d370eeff676d24523ee530f6abc569474d2f9bf9/spring-boot-starter-actuator-2.0.3.RELEASE.jar:/Users/apacheco/.gradle/caches/modules-2/files-2.1/org.springframework.boot/spring-boot-starter-test/2.0.3.RELEASE/1c624b1cc217bac010abce7a28df8169af4a7fa0/spring-boot-starter-test-2.0.3.RELEASE.jar:/Users/apacheco/.gradle/caches/modules-2/files-2.1/io.projectreactor/reactor-test/3.1.8.RELEASE/e9f798e2f85e322535068ebc33a0ed8b72a3fea2/reactor-test-3.1.8.RELEASE.jar:/Users/apacheco/.gradle/caches/modules-2/files-2.1/org.springframework.boot/spring-boot-starter-json/2.0.3.RELEASE/2e389a8727588c549c28bb277f0f573f65554850/spring-boot-starter-json-2.0.3.RELEASE.jar:/Users/apacheco/.gradle/caches/modules-2/files-2.1/org.springframework.boot/spring-boot-starter/2.0.3.RELEASE/ffaa050dbd36b0441645598f1a7ddaf67fd5e678/spring-boot-starter-2.0.3.RELEASE.jar:/Users/apacheco/.gradle/caches/modules-2/files-2.1/org.springframework.data/spring-data-mongodb/2.0.8.RELEASE/8d5235c223a51574b6633edfad8345c7e2681858/spring-data-mongodb-2.0.8.RELEASE.jar:/Users/apacheco/.gradle/caches/modules-2/files-2.1/org.mongodb/mongodb-driver/3.6.4/4ddaa4520e9b3a9255ae138f782d73432be6787d/mongodb-driver-3.6.4.jar:/Users/apacheco/.gradle/caches/modules-2/files-2.1/org.mongodb/mongodb-driver-reactivestreams/1.7.1/78bf59f59a02f7f7e6a7fb88c60552ffe5b84aa4/mongodb-driver-reactivestreams-1.7.1.jar:/Users/apacheco/.gradle/caches/modules-2/files-2.1/org.mongodb/mongodb-driver-async/3.6.4/9e20d658de5a893b1c115e16f2f26aab208350a9/mongodb-driver-async-3.6.4.jar:/Users/apacheco/.gradle/caches/modules-2/files-2.1/org.springframework/spring-webflux/5.0.7.RELEASE/3d7ce7bc416eca47bf5abe7037103e5b100f5dea/spring-webflux-5.0.7.RELEASE.jar:/Users/apacheco/.gradle/caches/modules-2/files-2.1/org.springframework.boot/spring-boot-starter-reactor-netty/2.0.3.RELEASE/5add122a3147500c3b01e36671c0b54b283ca4be/spring-boot-starter-reactor-netty-2.0.3.RELEASE.jar:/Users/apacheco/.gradle/caches/modules-2/files-2.1/io.projectreactor.ipc/reactor-netty/0.7.8.RELEASE/fe25c7d3042b6005690f7d243cef987b696a12ee/reactor-netty-0.7.8.RELEASE.jar:/Users/apacheco/.gradle/caches/modules-2/files-2.1/io.projectreactor/reactor-core/3.1.8.RELEASE/3bcc30f9161d3d17abe44b4aa20e397e5170566e/reactor-core-3.1.8.RELEASE.jar:/Users/apacheco/.gradle/caches/modules-2/files-2.1/org.thymeleaf/thymeleaf-spring5/3.0.9.RELEASE/abf84efd83808a70d982d2790f7f3a7bd3a39cf4/thymeleaf-spring5-3.0.9.RELEASE.jar:/Users/apacheco/.gradle/caches/modules-2/files-2.1/org.thymeleaf.extras/thymeleaf-extras-java8time/3.0.1.RELEASE/d23760d1e53cd70c489ef40dc94ee6bd2371cceb/thymeleaf-extras-java8time-3.0.1.RELEASE.jar:/Users/apacheco/.gradle/caches/modules-2/files-2.1/org.hibernate.validator/hibernate-validator/6.0.10.Final/4236051a8d209c00f85e70918d5e26d9f3e5201e/hibernate-validator-6.0.10.Final.jar:/Users/apacheco/.gradle/caches/modules-2/files-2.1/org.springframework/spring-web/5.0.7.RELEASE/2e04c6c2922fbfa06b5948be14a5782db168b6ec/spring-web-5.0.7.RELEASE.jar:/Users/apacheco/.gradle/caches/modules-2/files-2.1/org.synchronoss.cloud/nio-multipart-parser/1.1.0/c6c417fec6612584b1c34d4dd98c5a4e47e8c754/nio-multipart-parser-1.1.0.jar:/Users/apacheco/.gradle/caches/modules-2/files-2.1/org.springframework.boot/spring-boot-actuator-autoconfigure/2.0.3.RELEASE/f3e3392c3e8e2714fc05bbf0f3ee496ad19eedc7/spring-boot-actuator-autoconfigure-2.0.3.RELEASE.jar:/Users/apacheco/.gradle/caches/modules-2/files-2.1/io.micrometer/micrometer-core/1.0.5/c5eaa23f5bb1f0f4b7eb44824093874d0d9165f5/micrometer-core-1.0.5.jar:/Users/apacheco/.gradle/caches/modules-2/files-2.1/org.springframework.boot/spring-boot-test-autoconfigure/2.0.3.RELEASE/54e7d2167f2b926bf16a0ef8b91b6bfbd43826e7/spring-boot-test-autoconfigure-2.0.3.RELEASE.jar:/Users/apacheco/.gradle/caches/modules-2/files-2.1/org.springframework.boot/spring-boot-test/2.0.3.RELEASE/5c9b4bb6cfce9ef6e53a0ff5fc4a7ff2867871d8/spring-boot-test-2.0.3.RELEASE.jar:/Users/apacheco/.gradle/caches/modules-2/files-2.1/com.jayway.jsonpath/json-path/2.4.0/765a4401ceb2dc8d40553c2075eb80a8fa35c2ae/json-path-2.4.0.jar:/Users/apacheco/.gradle/caches/modules-2/files-2.1/junit/junit/4.12/2973d150c0dc1fefe998f834810d68f278ea58ec/junit-4.12.jar:/Users/apacheco/.gradle/caches/modules-2/files-2.1/org.assertj/assertj-core/3.9.1/c5ce126b15f28d56cd8f960c1a6a058b9c9aea87/assertj-core-3.9.1.jar:/Users/apacheco/.gradle/caches/modules-2/files-2.1/org.mockito/mockito-core/2.15.0/b84bfbbc29cd22c9529409627af6ea2897f4fa85/mockito-core-2.15.0.jar:/Users/apacheco/.gradle/caches/modules-2/files-2.1/org.hamcrest/hamcrest-library/1.3/4785a3c21320980282f9f33d0d1264a69040538f/hamcrest-library-1.3.jar:/Users/apacheco/.gradle/caches/modules-2/files-2.1/org.hamcrest/hamcrest-core/1.3/42a25dc3219429f0e5d060061f71acb49bf010a0/hamcrest-core-1.3.jar:/Users/apacheco/.gradle/caches/modules-2/files-2.1/org.skyscreamer/jsonassert/1.5.0/6c9d5fe2f59da598d9aefc1cfc6528ff3cf32df3/jsonassert-1.5.0.jar:/Users/apacheco/.gradle/caches/modules-2/files-2.1/org.springframework/spring-test/5.0.7.RELEASE/bcb7505a316ea34b7e9a7ae5d4921be5b475c02d/spring-test-5.0.7.RELEASE.jar:/Users/apacheco/.gradle/caches/modules-2/files-2.1/org.springframework.boot/spring-boot-autoconfigure/2.0.3.RELEASE/11bc4cc96b08fabad2b3186755818fa0b32d83f/spring-boot-autoconfigure-2.0.3.RELEASE.jar:/Users/apacheco/.gradle/caches/modules-2/files-2.1/org.springframework.boot/spring-boot-actuator/2.0.3.RELEASE/5aa239d8ad6d8130b055caebf44467b9c55d422b/spring-boot-actuator-2.0.3.RELEASE.jar:/Users/apacheco/.gradle/caches/modules-2/files-2.1/org.springframework.boot/spring-boot/2.0.3.RELEASE/b874870d915adbc3dd932e19077d3d45c8e54aa0/spring-boot-2.0.3.RELEASE.jar:/Users/apacheco/.gradle/caches/modules-2/files-2.1/org.springframework/spring-tx/5.0.7.RELEASE/4ca59b21c61162adb146ad1b40c30b60d8dc42b8/spring-tx-5.0.7.RELEASE.jar:/Users/apacheco/.gradle/caches/modules-2/files-2.1/org.springframework/spring-context/5.0.7.RELEASE/243a23f8968de8754d8199d669780d683ab177bd/spring-context-5.0.7.RELEASE.jar:/Users/apacheco/.gradle/caches/modules-2/files-2.1/org.springframework.data/spring-data-commons/2.0.8.RELEASE/5c19af63b5acb0eab39066684e813d5ecd9d03b7/spring-data-commons-2.0.8.RELEASE.jar:/Users/apacheco/.gradle/caches/modules-2/files-2.1/org.springframework/spring-aop/5.0.7.RELEASE/fdd0b6aa3c9c7a188c3bfbf6dfd8d40e843be9ef/spring-aop-5.0.7.RELEASE.jar:/Users/apacheco/.gradle/caches/modules-2/files-2.1/org.springframework/spring-beans/5.0.7.RELEASE/c1196cb3e56da83e3c3a02ef323699f4b05feedc/spring-beans-5.0.7.RELEASE.jar:/Users/apacheco/.gradle/caches/modules-2/files-2.1/org.springframework/spring-expression/5.0.7.RELEASE/ca01fb473f53dd0ee3c85663b26d5dc325602057/spring-expression-5.0.7.RELEASE.jar:/Users/apacheco/.gradle/caches/modules-2/files-2.1/org.springframework/spring-core/5.0.7.RELEASE/54b731178d81e66eca9623df772ff32718208137/spring-core-5.0.7.RELEASE.jar:/Users/apacheco/.gradle/caches/modules-2/files-2.1/org.xmlunit/xmlunit-core/2.5.1/4ffdb346572a7356f7521cd3119ce5287d2e339d/xmlunit-core-2.5.1.jar:/Users/apacheco/.gradle/caches/modules-2/files-2.1/org.springframework.boot/spring-boot-starter-logging/2.0.3.RELEASE/7caad34f01d2688919e15e09a90467963e3d5190/spring-boot-starter-logging-2.0.3.RELEASE.jar:/Users/apacheco/.gradle/caches/modules-2/files-2.1/javax.annotation/javax.annotation-api/1.3.2/934c04d3cfef185a8008e7bf34331b79730a9d43/javax.annotation-api-1.3.2.jar:/Users/apacheco/.gradle/caches/modules-2/files-2.1/org.yaml/snakeyaml/1.19/2d998d3d674b172a588e54ab619854d073f555b5/snakeyaml-1.19.jar:/Users/apacheco/.gradle/caches/modules-2/files-2.1/org.thymeleaf/thymeleaf/3.0.9.RELEASE/64185cca50ac808ad034841c84b4013f955465d2/thymeleaf-3.0.9.RELEASE.jar:/Users/apacheco/.gradle/caches/modules-2/files-2.1/org.synchronoss.cloud/nio-stream-storage/1.1.3/986dba5f6e5eed20f0dba6ddc8e8a64a9ebdc2f3/nio-stream-storage-1.1.3.jar:/Users/apacheco/.gradle/caches/modules-2/files-2.1/ch.qos.logback/logback-classic/1.2.3/7c4f3c474fb2c041d8028740440937705ebb473a/logback-classic-1.2.3.jar:/Users/apacheco/.gradle/caches/modules-2/files-2.1/org.apache.logging.log4j/log4j-to-slf4j/2.10.0/f7e631ccf49cfc0aefa4a2a728da7d374c05bd3c/log4j-to-slf4j-2.10.0.jar:/Users/apacheco/.gradle/caches/modules-2/files-2.1/org.slf4j/jul-to-slf4j/1.7.25/af5364cd6679bfffb114f0dec8a157aaa283b76/jul-to-slf4j-1.7.25.jar:/Users/apacheco/.gradle/caches/modules-2/files-2.1/org.slf4j/slf4j-api/1.7.25/da76ca59f6a57ee3102f8f9bd9cee742973efa8a/slf4j-api-1.7.25.jar:/Users/apacheco/.gradle/caches/modules-2/files-2.1/org.mongodb/mongodb-driver-core/3.6.4/6e737a5d706036bed528522d445dd2ffc454bd6b/mongodb-driver-core-3.6.4.jar:/Users/apacheco/.gradle/caches/modules-2/files-2.1/org.mongodb/bson/3.6.4/da7487f3cba7ddd1e0b0814005960cf543e9d8/bson-3.6.4.jar:/Users/apacheco/.gradle/caches/modules-2/files-2.1/org.reactivestreams/reactive-streams/1.0.2/323964c36556eb0e6209f65c1cef72b53b461ab8/reactive-streams-1.0.2.jar:/Users/apacheco/.gradle/caches/modules-2/files-2.1/com.fasterxml.jackson.datatype/jackson-datatype-jdk8/2.9.6/456895fc91bf7180b216fead220373e6278230c9/jackson-datatype-jdk8-2.9.6.jar:/Users/apacheco/.gradle/caches/modules-2/files-2.1/com.fasterxml.jackson.datatype/jackson-datatype-jsr310/2.9.6/ea54f6193d224e5e5732bbd4262327eb465397c2/jackson-datatype-jsr310-2.9.6.jar:/Users/apacheco/.gradle/caches/modules-2/files-2.1/com.fasterxml.jackson.module/jackson-module-parameter-names/2.9.6/129acd77a4b6ee30d62d3a0899b1344c8ec2bff8/jackson-module-parameter-names-2.9.6.jar:/Users/apacheco/.gradle/caches/modules-2/files-2.1/com.fasterxml.jackson.core/jackson-databind/2.9.6/cfa4f316351a91bfd95cb0644c6a2c95f52db1fc/jackson-databind-2.9.6.jar:/Users/apacheco/.gradle/caches/modules-2/files-2.1/javax.validation/validation-api/2.0.1.Final/cb855558e6271b1b32e716d24cb85c7f583ce09e/validation-api-2.0.1.Final.jar:/Users/apacheco/.gradle/caches/modules-2/files-2.1/org.jboss.logging/jboss-logging/3.3.2.Final/3789d00e859632e6c6206adc0c71625559e6e3b0/jboss-logging-3.3.2.Final.jar:/Users/apacheco/.gradle/caches/modules-2/files-2.1/com.fasterxml/classmate/1.3.4/3d5f48f10bbe4eb7bd862f10c0583be2e0053c6/classmate-1.3.4.jar:/Users/apacheco/.gradle/caches/modules-2/files-2.1/org.hdrhistogram/HdrHistogram/2.1.10/9e1ac84eed220281841b75e72fb9de5a297fbf04/HdrHistogram-2.1.10.jar:/Users/apacheco/.gradle/caches/modules-2/files-2.1/org.latencyutils/LatencyUtils/2.0.3/769c0b82cb2421c8256300e907298a9410a2a3d3/LatencyUtils-2.0.3.jar:/Users/apacheco/.gradle/caches/modules-2/files-2.1/net.minidev/json-smart/2.3/7396407491352ce4fa30de92efb158adb76b5b/json-smart-2.3.jar:/Users/apacheco/.gradle/caches/modules-2/files-2.1/net.bytebuddy/byte-buddy/1.7.11/f02857a4e2c66ccbe7aaad6100a0a6c461bce9b3/byte-buddy-1.7.11.jar:/Users/apacheco/.gradle/caches/modules-2/files-2.1/net.bytebuddy/byte-buddy-agent/1.7.11/b425a8933ca07edd03c6dbc8bc3b595fba9780de/byte-buddy-agent-1.7.11.jar:/Users/apacheco/.gradle/caches/modules-2/files-2.1/org.objenesis/objenesis/2.6/639033469776fd37c08358c6b92a4761feb2af4b/objenesis-2.6.jar:/Users/apacheco/.gradle/caches/modules-2/files-2.1/com.vaadin.external.google/android-json/0.0.20131108.vaadin1/fa26d351fe62a6a17f5cda1287c1c6110dec413f/android-json-0.0.20131108.vaadin1.jar:/Users/apacheco/.gradle/caches/modules-2/files-2.1/org.springframework/spring-jcl/5.0.7.RELEASE/699016ddf454c2c167d9f84ae5777eccadf54728/spring-jcl-5.0.7.RELEASE.jar:/Users/apacheco/.gradle/caches/modules-2/files-2.1/org.attoparser/attoparser/2.0.4.RELEASE/5cf02c4d8303a81f0c80971bb1dcd40d3ba96009/attoparser-2.0.4.RELEASE.jar:/Users/apacheco/.gradle/caches/modules-2/files-2.1/org.unbescape/unbescape/1.1.5.RELEASE/46dc644ea9c234317d926ebac5bf5d8f114dc1ba/unbescape-1.1.5.RELEASE.jar:/Users/apacheco/.gradle/caches/modules-2/files-2.1/com.fasterxml.jackson.core/jackson-annotations/2.9.0/7c10d545325e3a6e72e06381afe469fd40eb701/jackson-annotations-2.9.0.jar:/Users/apacheco/.gradle/caches/modules-2/files-2.1/com.fasterxml.jackson.core/jackson-core/2.9.6/4e393793c37c77e042ccc7be5a914ae39251b365/jackson-core-2.9.6.jar:/Users/apacheco/.gradle/caches/modules-2/files-2.1/io.netty/netty-handler-proxy/4.1.25.Final/be053c1e9f4ac5463883aa7b692798ac7841359a/netty-handler-proxy-4.1.25.Final.jar:/Users/apacheco/.gradle/caches/modules-2/files-2.1/io.netty/netty-codec-http/4.1.25.Final/70888d3f2a829541378f68503ddd52c3193df35a/netty-codec-http-4.1.25.Final.jar:/Users/apacheco/.gradle/caches/modules-2/files-2.1/io.netty/netty-handler/4.1.25.Final/ecdfb8fe93a8b75db3ea8746d3437eed845c24bd/netty-handler-4.1.25.Final.jar:/Users/apacheco/.gradle/caches/modules-2/files-2.1/io.netty/netty-transport-native-epoll/4.1.25.Final/7f5d8952131191f42071ca6564c5a17d34b3aa7a/netty-transport-native-epoll-4.1.25.Final-linux-x86_64.jar:/Users/apacheco/.gradle/caches/modules-2/files-2.1/net.minidev/accessors-smart/1.2/c592b500269bfde36096641b01238a8350f8aa31/accessors-smart-1.2.jar:/Users/apacheco/.gradle/caches/modules-2/files-2.1/ch.qos.logback/logback-core/1.2.3/864344400c3d4d92dfeb0a305dc87d953677c03c/logback-core-1.2.3.jar:/Users/apacheco/.gradle/caches/modules-2/files-2.1/org.apache.logging.log4j/log4j-api/2.10.0/fec5797a55b786184a537abd39c3fa1449d752d6/log4j-api-2.10.0.jar:/Users/apacheco/.gradle/caches/modules-2/files-2.1/io.netty/netty-codec-socks/4.1.25.Final/81d672c2823d83825b4839673828bcf20fd53e2c/netty-codec-socks-4.1.25.Final.jar:/Users/apacheco/.gradle/caches/modules-2/files-2.1/io.netty/netty-codec/4.1.25.Final/3e465c75bead40d06b5b9c0612b37cf77c548887/netty-codec-4.1.25.Final.jar:/Users/apacheco/.gradle/caches/modules-2/files-2.1/io.netty/netty-transport-native-unix-common/4.1.25.Final/98002036ed78849faf59e2f4df5d12cc53ec6b94/netty-transport-native-unix-common-4.1.25.Final.jar:/Users/apacheco/.gradle/caches/modules-2/files-2.1/io.netty/netty-transport/4.1.25.Final/19a6f1f649894b6705aa9d8cbcced188dff133b0/netty-transport-4.1.25.Final.jar:/Users/apacheco/.gradle/caches/modules-2/files-2.1/io.netty/netty-buffer/4.1.25.Final/f366d0cc87b158ca064d27507127e3cc4eb2f089/netty-buffer-4.1.25.Final.jar:/Users/apacheco/.gradle/caches/modules-2/files-2.1/io.netty/netty-resolver/4.1.25.Final/dc0965d00746b782b33f419b005cbc130973030d/netty-resolver-4.1.25.Final.jar:/Users/apacheco/.gradle/caches/modules-2/files-2.1/io.netty/netty-common/4.1.25.Final/e17d5c05c101fe14536ce3fb34b36c54e04791f6/netty-common-4.1.25.Final.jar:/Users/apacheco/.gradle/caches/modules-2/files-2.1/org.ow2.asm/asm/5.0.4/da08b8cce7bbf903602a25a3a163ae252435795/asm-5.0.4.jar, user.name=apacheco, java.vm.specification.version=1.8, sun.java.command=worker.org.gradle.process.internal.worker.GradleWorkerMain 'Gradle Test Executor 3', java.home=/Library/Java/JavaVirtualMachines/jdk1.8.0_161.jdk/Contents/Home/jre, sun.arch.data.model=64, user.language=en, java.specification.vendor=Oracle Corporation, awt.toolkit=sun.lwawt.macosx.LWCToolkit, java.vm.info=mixed mode, java.version=1.8.0_161, java.ext.dirs=/Users/apacheco/Library/Java/Extensions:/Library/Java/JavaVirtualMachines/jdk1.8.0_161.jdk/Contents/Home/jre/lib/ext:/Library/Java/Extensions:/Network/Library/Java/Extensions:/System/Library/Java/Extensions:/usr/lib/java, sun.boot.class.path=/Library/Java/JavaVirtualMachines/jdk1.8.0_161.jdk/Contents/Home/jre/lib/resources.jar:/Library/Java/JavaVirtualMachines/jdk1.8.0_161.jdk/Contents/Home/jre/lib/rt.jar:/Library/Java/JavaVirtualMachines/jdk1.8.0_161.jdk/Contents/Home/jre/lib/sunrsasign.jar:/Library/Java/JavaVirtualMachines/jdk1.8.0_161.jdk/Contents/Home/jre/lib/jsse.jar:/Library/Java/JavaVirtualMachines/jdk1.8.0_161.jdk/Contents/Home/jre/lib/jce.jar:/Library/Java/JavaVirtualMachines/jdk1.8.0_161.jdk/Contents/Home/jre/lib/charsets.jar:/Library/Java/JavaVirtualMachines/jdk1.8.0_161.jdk/Contents/Home/jre/lib/jfr.jar:/Library/Java/JavaVirtualMachines/jdk1.8.0_161.jdk/Contents/Home/jre/classes, java.vendor=Oracle Corporation, org.gradle.test.worker=3, file.separator=/, java.vendor.url.bug=http://bugreport.sun.com/bugreport/, sun.io.unicode.encoding=UnicodeBig, sun.cpu.endian=little, socksNonProxyHosts=local|*.local|169.254/16|*.169.254/16, ftp.nonProxyHosts=local|*.local|169.254/16|*.169.254/16, sun.cpu.isalist=}}, SystemEnvironmentPropertySource@968732869 {name='systemEnvironment', properties={NVM_RC_VERSION=, PATH=/usr/local/sbin:/Users/apacheco/.sdkman/candidates/kotlin/current/bin:/Users/apacheco/google-cloud-sdk/bin:/usr/local/bin:/usr/bin:/bin:/usr/sbin:/sbin:/usr/local/go/bin:/usr/local/share/dotnet:/Library/Frameworks/Mono.framework/Versions/Current/Commands:/Applications/Xamarin Workbooks.app/Contents/SharedSupport/path-bin:/usr/local/go/bin:/Users/apacheco/go/bin, SDKMAN_VERSION=5.6.4+305, JAVA_ARCH=x86_64, KOTLIN_HOME=/Users/apacheco/.sdkman/candidates/kotlin/current, TERM=xterm-256color, COMMAND_MODE=unix2003, ITERM_SESSION_ID=w0t0p1:3D59F319-2B77-44DA-9B7E-EFD5C168033F, COLORTERM=truecolor, SDKMAN_DIR=/Users/apacheco/.sdkman, LOGNAME=apacheco, XPC_SERVICE_NAME=0, PWD=/Users/apacheco/code/learn-spring-boot, TERM_PROGRAM_VERSION=3.1.5, JAVA_MAIN_CLASS_1623=worker.org.gradle.process.internal.worker.GradleWorkerMain, SDKMAN_CANDIDATES_DIR=/Users/apacheco/.sdkman/candidates, SDKMAN_LEGACY_API=https://api.sdkman.io/1, NVM_CD_FLAGS=-q, NVM_DIR=/Users/apacheco/.nvm, SHELL=/bin/zsh, TERM_PROGRAM=iTerm.app, PAGER=less, APP_ICON_1610=/Users/apacheco/code/learn-spring-boot/media/gradle.icns, LSCOLORS=Gxfxcxdxbxegedabagacad, GITHUB_TOKEN=de56b157880afd3b503cf8fc31ed5767ca79023b, SECURITYSESSIONID=186a8, GOPATH=/Users/apacheco/go, SDKMAN_PLATFORM=Darwin, OLDPWD=/Users/apacheco/code/learn-spring-boot, USER=apacheco, APP_NAME_1610=Gradle, ZSH=/Users/apacheco/.oh-my-zsh, ITERM_PROFILE=Default, TMPDIR=/var/folders/fk/5kc9vt5j0f7672mwz77550n00000gn/T/, SSH_AUTH_SOCK=/private/tmp/com.apple.launchd.8ygN64PWGq/Listeners, XPC_FLAGS=0x0, TERM_SESSION_ID=w0t0p1:3D59F319-2B77-44DA-9B7E-EFD5C168033F, __CF_USER_TEXT_ENCODING=0x1F5:0x0:0x0, Apple_PubSub_Socket_Render=/private/tmp/com.apple.launchd.pVcUxfZ4C2/Render, com.apple.java.jvmTask=CommandLine, LESS=-R, LC_CTYPE=UTF-8, COLORFGBG=7;0, JAVA_MAIN_CLASS_1610=org.gradle.wrapper.GradleWrapperMain, HOME=/Users/apacheco, SHLVL=1, SDKMAN_CURRENT_API=https://api.sdkman.io/2}}]
21:20:09.055 [Test worker] DEBUG org.springframework.core.io.support.PathMatchingResourcePatternResolver - Resolved classpath location [io/pivotal/ampacheco/learnspringboot/] to resources [URL [file:/Users/apacheco/code/learn-spring-boot/build/classes/java/test/io/pivotal/ampacheco/learnspringboot/], URL [file:/Users/apacheco/code/learn-spring-boot/build/classes/java/main/io/pivotal/ampacheco/learnspringboot/]]
21:20:09.055 [Test worker] DEBUG org.springframework.core.io.support.PathMatchingResourcePatternResolver - Looking for matching resources in directory tree [/Users/apacheco/code/learn-spring-boot/build/classes/java/test/io/pivotal/ampacheco/learnspringboot]
21:20:09.056 [Test worker] DEBUG org.springframework.core.io.support.PathMatchingResourcePatternResolver - Searching directory [/Users/apacheco/code/learn-spring-boot/build/classes/java/test/io/pivotal/ampacheco/learnspringboot] for files matching pattern [/Users/apacheco/code/learn-spring-boot/build/classes/java/test/io/pivotal/ampacheco/learnspringboot/*.class]
21:20:09.061 [Test worker] DEBUG org.springframework.core.io.support.PathMatchingResourcePatternResolver - Looking for matching resources in directory tree [/Users/apacheco/code/learn-spring-boot/build/classes/java/main/io/pivotal/ampacheco/learnspringboot]
21:20:09.061 [Test worker] DEBUG org.springframework.core.io.support.PathMatchingResourcePatternResolver - Searching directory [/Users/apacheco/code/learn-spring-boot/build/classes/java/main/io/pivotal/ampacheco/learnspringboot] for files matching pattern [/Users/apacheco/code/learn-spring-boot/build/classes/java/main/io/pivotal/ampacheco/learnspringboot/*.class]
21:20:09.063 [Test worker] DEBUG org.springframework.core.io.support.PathMatchingResourcePatternResolver - Resolved location pattern [classpath*:io/pivotal/ampacheco/learnspringboot/*.class] to resources [file [/Users/apacheco/code/learn-spring-boot/build/classes/java/test/io/pivotal/ampacheco/learnspringboot/LearnSpringBootApplicationTests.class], file [/Users/apacheco/code/learn-spring-boot/build/classes/java/main/io/pivotal/ampacheco/learnspringboot/HomeController.class], file [/Users/apacheco/code/learn-spring-boot/build/classes/java/main/io/pivotal/ampacheco/learnspringboot/LearnSpringBootApplication.class]]
21:20:09.195 [Test worker] DEBUG org.springframework.context.annotation.ClassPathScanningCandidateComponentProvider - Identified candidate component class: file [/Users/apacheco/code/learn-spring-boot/build/classes/java/main/io/pivotal/ampacheco/learnspringboot/LearnSpringBootApplication.class]
21:20:09.198 [Test worker] INFO org.springframework.boot.test.context.SpringBootTestContextBootstrapper - Found @SpringBootConfiguration io.pivotal.ampacheco.learnspringboot.LearnSpringBootApplication for test class io.pivotal.ampacheco.learnspringboot.LearnSpringBootApplicationTests
21:20:09.452 [Test worker] DEBUG org.springframework.boot.test.context.SpringBootTestContextBootstrapper - @TestExecutionListeners is not present for class [io.pivotal.ampacheco.learnspringboot.LearnSpringBootApplicationTests]: using defaults.
21:20:09.453 [Test worker] INFO org.springframework.boot.test.context.SpringBootTestContextBootstrapper - Loaded default TestExecutionListener class names from location [META-INF/spring.factories]: [org.springframework.boot.test.autoconfigure.restdocs.RestDocsTestExecutionListener, org.springframework.boot.test.autoconfigure.web.client.MockRestServiceServerResetTestExecutionListener, org.springframework.boot.test.autoconfigure.web.servlet.MockMvcPrintOnlyOnFailureTestExecutionListener, org.springframework.boot.test.autoconfigure.web.servlet.WebDriverTestExecutionListener, org.springframework.boot.test.mock.mockito.MockitoTestExecutionListener, org.springframework.boot.test.mock.mockito.ResetMocksTestExecutionListener, org.springframework.test.context.web.ServletTestExecutionListener, org.springframework.test.context.support.DirtiesContextBeforeModesTestExecutionListener, org.springframework.test.context.support.DependencyInjectionTestExecutionListener, org.springframework.test.context.support.DirtiesContextTestExecutionListener, org.springframework.test.context.transaction.TransactionalTestExecutionListener, org.springframework.test.context.jdbc.SqlScriptsTestExecutionListener]
21:20:09.466 [Test worker] DEBUG org.springframework.boot.test.context.SpringBootTestContextBootstrapper - Skipping candidate TestExecutionListener [org.springframework.test.context.web.ServletTestExecutionListener] due to a missing dependency. Specify custom listener classes or make the default listener classes and their required dependencies available. Offending class: [javax/servlet/ServletContext]
21:20:09.650 [Test worker] INFO org.springframework.boot.test.context.SpringBootTestContextBootstrapper - Using TestExecutionListeners: [org.springframework.test.context.support.DirtiesContextBeforeModesTestExecutionListener@562b7e50, org.springframework.boot.test.mock.mockito.MockitoTestExecutionListener@4a864035, org.springframework.boot.test.autoconfigure.SpringBootDependencyInjectionTestExecutionListener@7c3c3e12, org.springframework.test.context.support.DirtiesContextTestExecutionListener@12055779, org.springframework.test.context.transaction.TransactionalTestExecutionListener@1f516297, org.springframework.test.context.jdbc.SqlScriptsTestExecutionListener@67ae0ea0, org.springframework.boot.test.autoconfigure.restdocs.RestDocsTestExecutionListener@7a7f60e9, org.springframework.boot.test.autoconfigure.web.client.MockRestServiceServerResetTestExecutionListener@42794e40, org.springframework.boot.test.autoconfigure.web.servlet.MockMvcPrintOnlyOnFailureTestExecutionListener@56a8c942, org.springframework.boot.test.autoconfigure.web.servlet.WebDriverTestExecutionListener@41641639, org.springframework.boot.test.mock.mockito.ResetMocksTestExecutionListener@409d4ed4]
21:20:09.654 [Test worker] DEBUG org.springframework.test.annotation.ProfileValueUtils - Retrieved @ProfileValueSourceConfiguration [null] for test class [io.pivotal.ampacheco.learnspringboot.LearnSpringBootApplicationTests]
21:20:09.657 [Test worker] DEBUG org.springframework.test.annotation.ProfileValueUtils - Retrieved ProfileValueSource type [class org.springframework.test.annotation.SystemProfileValueSource] for class [io.pivotal.ampacheco.learnspringboot.LearnSpringBootApplicationTests]
21:20:09.659 [Test worker] DEBUG org.springframework.test.annotation.ProfileValueUtils - Retrieved @ProfileValueSourceConfiguration [null] for test class [io.pivotal.ampacheco.learnspringboot.LearnSpringBootApplicationTests]
21:20:09.659 [Test worker] DEBUG org.springframework.test.annotation.ProfileValueUtils - Retrieved ProfileValueSource type [class org.springframework.test.annotation.SystemProfileValueSource] for class [io.pivotal.ampacheco.learnspringboot.LearnSpringBootApplicationTests]
21:20:09.669 [Test worker] DEBUG org.springframework.test.context.support.AbstractDirtiesContextTestExecutionListener - Before test class: context [DefaultTestContext@30684e04 testClass = LearnSpringBootApplicationTests, testInstance = [null], testMethod = [null], testException = [null], mergedContextConfiguration = [ReactiveWebMergedContextConfiguration@4ba381a9 testClass = LearnSpringBootApplicationTests, locations = '{}', classes = '{class io.pivotal.ampacheco.learnspringboot.LearnSpringBootApplication}', contextInitializerClasses = '[]', activeProfiles = '{}', propertySourceLocations = '{}', propertySourceProperties = '{org.springframework.boot.test.context.SpringBootTestContextBootstrapper=true}', contextCustomizers = set[org.springframework.boot.test.autoconfigure.properties.PropertyMappingContextCustomizer@0, org.springframework.boot.test.autoconfigure.web.servlet.WebDriverContextCustomizerFactory$Customizer@643d77c2, org.springframework.boot.test.context.filter.ExcludeFilterContextCustomizer@df42fef, org.springframework.boot.test.json.DuplicateJsonObjectContextCustomizerFactory$DuplicateJsonObjectContextCustomizer@35e9014d, org.springframework.boot.test.mock.mockito.MockitoContextCustomizer@0, org.springframework.boot.test.web.client.TestRestTemplateContextCustomizer@1916bfd0, org.springframework.boot.test.web.reactive.server.WebTestClientContextCustomizer@68988f27], contextLoader = 'org.springframework.boot.test.context.SpringBootContextLoader', parent = [null]], attributes = map[[empty]]], class annotated with @DirtiesContext [false] with mode [null].
21:20:09.672 [Test worker] DEBUG org.springframework.test.annotation.ProfileValueUtils - Retrieved @ProfileValueSourceConfiguration [null] for test class [io.pivotal.ampacheco.learnspringboot.LearnSpringBootApplicationTests]
21:20:09.673 [Test worker] DEBUG org.springframework.test.annotation.ProfileValueUtils - Retrieved ProfileValueSource type [class org.springframework.test.annotation.SystemProfileValueSource] for class [io.pivotal.ampacheco.learnspringboot.LearnSpringBootApplicationTests]
21:20:09.682 [Test worker] DEBUG org.springframework.test.context.support.DependencyInjectionTestExecutionListener - Performing dependency injection for test context [[DefaultTestContext@30684e04 testClass = LearnSpringBootApplicationTests, testInstance = io.pivotal.ampacheco.learnspringboot.LearnSpringBootApplicationTests@570a9a52, testMethod = [null], testException = [null], mergedContextConfiguration = [ReactiveWebMergedContextConfiguration@4ba381a9 testClass = LearnSpringBootApplicationTests, locations = '{}', classes = '{class io.pivotal.ampacheco.learnspringboot.LearnSpringBootApplication}', contextInitializerClasses = '[]', activeProfiles = '{}', propertySourceLocations = '{}', propertySourceProperties = '{org.springframework.boot.test.context.SpringBootTestContextBootstrapper=true}', contextCustomizers = set[org.springframework.boot.test.autoconfigure.properties.PropertyMappingContextCustomizer@0, org.springframework.boot.test.autoconfigure.web.servlet.WebDriverContextCustomizerFactory$Customizer@643d77c2, org.springframework.boot.test.context.filter.ExcludeFilterContextCustomizer@df42fef, org.springframework.boot.test.json.DuplicateJsonObjectContextCustomizerFactory$DuplicateJsonObjectContextCustomizer@35e9014d, org.springframework.boot.test.mock.mockito.MockitoContextCustomizer@0, org.springframework.boot.test.web.client.TestRestTemplateContextCustomizer@1916bfd0, org.springframework.boot.test.web.reactive.server.WebTestClientContextCustomizer@68988f27], contextLoader = 'org.springframework.boot.test.context.SpringBootContextLoader', parent = [null]], attributes = map[[empty]]]].
21:20:09.733 [Test worker] DEBUG org.springframework.core.env.StandardEnvironment - Adding PropertySource 'systemProperties' with lowest search precedence
21:20:09.733 [Test worker] DEBUG org.springframework.core.env.StandardEnvironment - Adding PropertySource 'systemEnvironment' with lowest search precedence
21:20:09.734 [Test worker] DEBUG org.springframework.core.env.StandardEnvironment - Initialized StandardEnvironment with PropertySources [MapPropertySource@1488181523 {name='systemProperties', properties={java.runtime.name=Java(TM) SE Runtime Environment, sun.boot.library.path=/Library/Java/JavaVirtualMachines/jdk1.8.0_161.jdk/Contents/Home/jre/lib, java.vm.version=25.161-b12, gopherProxySet=false, java.vm.vendor=Oracle Corporation, java.vendor.url=http://java.oracle.com/, path.separator=:, java.vm.name=Java HotSpot(TM) 64-Bit Server VM, file.encoding.pkg=sun.io, sun.java.launcher=SUN_STANDARD, user.country=CL, sun.os.patch.level=unknown, java.vm.specification.name=Java Virtual Machine Specification, user.dir=/Users/apacheco/code/learn-spring-boot, java.runtime.version=1.8.0_161-b12, java.awt.graphicsenv=sun.awt.CGraphicsEnvironment, java.endorsed.dirs=/Library/Java/JavaVirtualMachines/jdk1.8.0_161.jdk/Contents/Home/jre/lib/endorsed, os.arch=x86_64, java.io.tmpdir=/var/folders/fk/5kc9vt5j0f7672mwz77550n00000gn/T/, line.separator=
, java.vm.specification.vendor=Oracle Corporation, user.variant=, os.name=Mac OS X, sun.jnu.encoding=UTF-8, java.library.path=/Users/apacheco/Library/Java/Extensions:/Library/Java/Extensions:/Network/Library/Java/Extensions:/System/Library/Java/Extensions:/usr/lib/java:., java.specification.name=Java Platform API Specification, java.class.version=52.0, org.gradle.native=false, sun.management.compiler=HotSpot 64-Bit Tiered Compilers, os.version=10.13.5, http.nonProxyHosts=local|*.local|169.254/16|*.169.254/16, user.home=/Users/apacheco, user.timezone=America/Santiago, java.awt.printerjob=sun.lwawt.macosx.CPrinterJob, file.encoding=UTF-8, java.specification.version=1.8, java.class.path=/Users/apacheco/code/learn-spring-boot/build/classes/java/test:/Users/apacheco/code/learn-spring-boot/build/resources/test:/Users/apacheco/code/learn-spring-boot/build/classes/java/main:/Users/apacheco/code/learn-spring-boot/build/resources/main:/Users/apacheco/.gradle/caches/modules-2/files-2.1/org.springframework.boot/spring-boot-starter-data-mongodb-reactive/2.0.3.RELEASE/34ac2de08b8ac05b82ffcd45047faf1e7fca51e/spring-boot-starter-data-mongodb-reactive-2.0.3.RELEASE.jar:/Users/apacheco/.gradle/caches/modules-2/files-2.1/org.springframework.boot/spring-boot-starter-thymeleaf/2.0.3.RELEASE/7a8cf11f5b7faa244e1979df491811bc0c858743/spring-boot-starter-thymeleaf-2.0.3.RELEASE.jar:/Users/apacheco/.gradle/caches/modules-2/files-2.1/org.springframework.boot/spring-boot-starter-webflux/2.0.3.RELEASE/eed9177298124780a7dec0ba7a68e42268122a5f/spring-boot-starter-webflux-2.0.3.RELEASE.jar:/Users/apacheco/.gradle/caches/modules-2/files-2.1/org.springframework.boot/spring-boot-starter-actuator/2.0.3.RELEASE/d370eeff676d24523ee530f6abc569474d2f9bf9/spring-boot-starter-actuator-2.0.3.RELEASE.jar:/Users/apacheco/.gradle/caches/modules-2/files-2.1/org.springframework.boot/spring-boot-starter-test/2.0.3.RELEASE/1c624b1cc217bac010abce7a28df8169af4a7fa0/spring-boot-starter-test-2.0.3.RELEASE.jar:/Users/apacheco/.gradle/caches/modules-2/files-2.1/io.projectreactor/reactor-test/3.1.8.RELEASE/e9f798e2f85e322535068ebc33a0ed8b72a3fea2/reactor-test-3.1.8.RELEASE.jar:/Users/apacheco/.gradle/caches/modules-2/files-2.1/org.springframework.boot/spring-boot-starter-json/2.0.3.RELEASE/2e389a8727588c549c28bb277f0f573f65554850/spring-boot-starter-json-2.0.3.RELEASE.jar:/Users/apacheco/.gradle/caches/modules-2/files-2.1/org.springframework.boot/spring-boot-starter/2.0.3.RELEASE/ffaa050dbd36b0441645598f1a7ddaf67fd5e678/spring-boot-starter-2.0.3.RELEASE.jar:/Users/apacheco/.gradle/caches/modules-2/files-2.1/org.springframework.data/spring-data-mongodb/2.0.8.RELEASE/8d5235c223a51574b6633edfad8345c7e2681858/spring-data-mongodb-2.0.8.RELEASE.jar:/Users/apacheco/.gradle/caches/modules-2/files-2.1/org.mongodb/mongodb-driver/3.6.4/4ddaa4520e9b3a9255ae138f782d73432be6787d/mongodb-driver-3.6.4.jar:/Users/apacheco/.gradle/caches/modules-2/files-2.1/org.mongodb/mongodb-driver-reactivestreams/1.7.1/78bf59f59a02f7f7e6a7fb88c60552ffe5b84aa4/mongodb-driver-reactivestreams-1.7.1.jar:/Users/apacheco/.gradle/caches/modules-2/files-2.1/org.mongodb/mongodb-driver-async/3.6.4/9e20d658de5a893b1c115e16f2f26aab208350a9/mongodb-driver-async-3.6.4.jar:/Users/apacheco/.gradle/caches/modules-2/files-2.1/org.springframework/spring-webflux/5.0.7.RELEASE/3d7ce7bc416eca47bf5abe7037103e5b100f5dea/spring-webflux-5.0.7.RELEASE.jar:/Users/apacheco/.gradle/caches/modules-2/files-2.1/org.springframework.boot/spring-boot-starter-reactor-netty/2.0.3.RELEASE/5add122a3147500c3b01e36671c0b54b283ca4be/spring-boot-starter-reactor-netty-2.0.3.RELEASE.jar:/Users/apacheco/.gradle/caches/modules-2/files-2.1/io.projectreactor.ipc/reactor-netty/0.7.8.RELEASE/fe25c7d3042b6005690f7d243cef987b696a12ee/reactor-netty-0.7.8.RELEASE.jar:/Users/apacheco/.gradle/caches/modules-2/files-2.1/io.projectreactor/reactor-core/3.1.8.RELEASE/3bcc30f9161d3d17abe44b4aa20e397e5170566e/reactor-core-3.1.8.RELEASE.jar:/Users/apacheco/.gradle/caches/modules-2/files-2.1/org.thymeleaf/thymeleaf-spring5/3.0.9.RELEASE/abf84efd83808a70d982d2790f7f3a7bd3a39cf4/thymeleaf-spring5-3.0.9.RELEASE.jar:/Users/apacheco/.gradle/caches/modules-2/files-2.1/org.thymeleaf.extras/thymeleaf-extras-java8time/3.0.1.RELEASE/d23760d1e53cd70c489ef40dc94ee6bd2371cceb/thymeleaf-extras-java8time-3.0.1.RELEASE.jar:/Users/apacheco/.gradle/caches/modules-2/files-2.1/org.hibernate.validator/hibernate-validator/6.0.10.Final/4236051a8d209c00f85e70918d5e26d9f3e5201e/hibernate-validator-6.0.10.Final.jar:/Users/apacheco/.gradle/caches/modules-2/files-2.1/org.springframework/spring-web/5.0.7.RELEASE/2e04c6c2922fbfa06b5948be14a5782db168b6ec/spring-web-5.0.7.RELEASE.jar:/Users/apacheco/.gradle/caches/modules-2/files-2.1/org.synchronoss.cloud/nio-multipart-parser/1.1.0/c6c417fec6612584b1c34d4dd98c5a4e47e8c754/nio-multipart-parser-1.1.0.jar:/Users/apacheco/.gradle/caches/modules-2/files-2.1/org.springframework.boot/spring-boot-actuator-autoconfigure/2.0.3.RELEASE/f3e3392c3e8e2714fc05bbf0f3ee496ad19eedc7/spring-boot-actuator-autoconfigure-2.0.3.RELEASE.jar:/Users/apacheco/.gradle/caches/modules-2/files-2.1/io.micrometer/micrometer-core/1.0.5/c5eaa23f5bb1f0f4b7eb44824093874d0d9165f5/micrometer-core-1.0.5.jar:/Users/apacheco/.gradle/caches/modules-2/files-2.1/org.springframework.boot/spring-boot-test-autoconfigure/2.0.3.RELEASE/54e7d2167f2b926bf16a0ef8b91b6bfbd43826e7/spring-boot-test-autoconfigure-2.0.3.RELEASE.jar:/Users/apacheco/.gradle/caches/modules-2/files-2.1/org.springframework.boot/spring-boot-test/2.0.3.RELEASE/5c9b4bb6cfce9ef6e53a0ff5fc4a7ff2867871d8/spring-boot-test-2.0.3.RELEASE.jar:/Users/apacheco/.gradle/caches/modules-2/files-2.1/com.jayway.jsonpath/json-path/2.4.0/765a4401ceb2dc8d40553c2075eb80a8fa35c2ae/json-path-2.4.0.jar:/Users/apacheco/.gradle/caches/modules-2/files-2.1/junit/junit/4.12/2973d150c0dc1fefe998f834810d68f278ea58ec/junit-4.12.jar:/Users/apacheco/.gradle/caches/modules-2/files-2.1/org.assertj/assertj-core/3.9.1/c5ce126b15f28d56cd8f960c1a6a058b9c9aea87/assertj-core-3.9.1.jar:/Users/apacheco/.gradle/caches/modules-2/files-2.1/org.mockito/mockito-core/2.15.0/b84bfbbc29cd22c9529409627af6ea2897f4fa85/mockito-core-2.15.0.jar:/Users/apacheco/.gradle/caches/modules-2/files-2.1/org.hamcrest/hamcrest-library/1.3/4785a3c21320980282f9f33d0d1264a69040538f/hamcrest-library-1.3.jar:/Users/apacheco/.gradle/caches/modules-2/files-2.1/org.hamcrest/hamcrest-core/1.3/42a25dc3219429f0e5d060061f71acb49bf010a0/hamcrest-core-1.3.jar:/Users/apacheco/.gradle/caches/modules-2/files-2.1/org.skyscreamer/jsonassert/1.5.0/6c9d5fe2f59da598d9aefc1cfc6528ff3cf32df3/jsonassert-1.5.0.jar:/Users/apacheco/.gradle/caches/modules-2/files-2.1/org.springframework/spring-test/5.0.7.RELEASE/bcb7505a316ea34b7e9a7ae5d4921be5b475c02d/spring-test-5.0.7.RELEASE.jar:/Users/apacheco/.gradle/caches/modules-2/files-2.1/org.springframework.boot/spring-boot-autoconfigure/2.0.3.RELEASE/11bc4cc96b08fabad2b3186755818fa0b32d83f/spring-boot-autoconfigure-2.0.3.RELEASE.jar:/Users/apacheco/.gradle/caches/modules-2/files-2.1/org.springframework.boot/spring-boot-actuator/2.0.3.RELEASE/5aa239d8ad6d8130b055caebf44467b9c55d422b/spring-boot-actuator-2.0.3.RELEASE.jar:/Users/apacheco/.gradle/caches/modules-2/files-2.1/org.springframework.boot/spring-boot/2.0.3.RELEASE/b874870d915adbc3dd932e19077d3d45c8e54aa0/spring-boot-2.0.3.RELEASE.jar:/Users/apacheco/.gradle/caches/modules-2/files-2.1/org.springframework/spring-tx/5.0.7.RELEASE/4ca59b21c61162adb146ad1b40c30b60d8dc42b8/spring-tx-5.0.7.RELEASE.jar:/Users/apacheco/.gradle/caches/modules-2/files-2.1/org.springframework/spring-context/5.0.7.RELEASE/243a23f8968de8754d8199d669780d683ab177bd/spring-context-5.0.7.RELEASE.jar:/Users/apacheco/.gradle/caches/modules-2/files-2.1/org.springframework.data/spring-data-commons/2.0.8.RELEASE/5c19af63b5acb0eab39066684e813d5ecd9d03b7/spring-data-commons-2.0.8.RELEASE.jar:/Users/apacheco/.gradle/caches/modules-2/files-2.1/org.springframework/spring-aop/5.0.7.RELEASE/fdd0b6aa3c9c7a188c3bfbf6dfd8d40e843be9ef/spring-aop-5.0.7.RELEASE.jar:/Users/apacheco/.gradle/caches/modules-2/files-2.1/org.springframework/spring-beans/5.0.7.RELEASE/c1196cb3e56da83e3c3a02ef323699f4b05feedc/spring-beans-5.0.7.RELEASE.jar:/Users/apacheco/.gradle/caches/modules-2/files-2.1/org.springframework/spring-expression/5.0.7.RELEASE/ca01fb473f53dd0ee3c85663b26d5dc325602057/spring-expression-5.0.7.RELEASE.jar:/Users/apacheco/.gradle/caches/modules-2/files-2.1/org.springframework/spring-core/5.0.7.RELEASE/54b731178d81e66eca9623df772ff32718208137/spring-core-5.0.7.RELEASE.jar:/Users/apacheco/.gradle/caches/modules-2/files-2.1/org.xmlunit/xmlunit-core/2.5.1/4ffdb346572a7356f7521cd3119ce5287d2e339d/xmlunit-core-2.5.1.jar:/Users/apacheco/.gradle/caches/modules-2/files-2.1/org.springframework.boot/spring-boot-starter-logging/2.0.3.RELEASE/7caad34f01d2688919e15e09a90467963e3d5190/spring-boot-starter-logging-2.0.3.RELEASE.jar:/Users/apacheco/.gradle/caches/modules-2/files-2.1/javax.annotation/javax.annotation-api/1.3.2/934c04d3cfef185a8008e7bf34331b79730a9d43/javax.annotation-api-1.3.2.jar:/Users/apacheco/.gradle/caches/modules-2/files-2.1/org.yaml/snakeyaml/1.19/2d998d3d674b172a588e54ab619854d073f555b5/snakeyaml-1.19.jar:/Users/apacheco/.gradle/caches/modules-2/files-2.1/org.thymeleaf/thymeleaf/3.0.9.RELEASE/64185cca50ac808ad034841c84b4013f955465d2/thymeleaf-3.0.9.RELEASE.jar:/Users/apacheco/.gradle/caches/modules-2/files-2.1/org.synchronoss.cloud/nio-stream-storage/1.1.3/986dba5f6e5eed20f0dba6ddc8e8a64a9ebdc2f3/nio-stream-storage-1.1.3.jar:/Users/apacheco/.gradle/caches/modules-2/files-2.1/ch.qos.logback/logback-classic/1.2.3/7c4f3c474fb2c041d8028740440937705ebb473a/logback-classic-1.2.3.jar:/Users/apacheco/.gradle/caches/modules-2/files-2.1/org.apache.logging.log4j/log4j-to-slf4j/2.10.0/f7e631ccf49cfc0aefa4a2a728da7d374c05bd3c/log4j-to-slf4j-2.10.0.jar:/Users/apacheco/.gradle/caches/modules-2/files-2.1/org.slf4j/jul-to-slf4j/1.7.25/af5364cd6679bfffb114f0dec8a157aaa283b76/jul-to-slf4j-1.7.25.jar:/Users/apacheco/.gradle/caches/modules-2/files-2.1/org.slf4j/slf4j-api/1.7.25/da76ca59f6a57ee3102f8f9bd9cee742973efa8a/slf4j-api-1.7.25.jar:/Users/apacheco/.gradle/caches/modules-2/files-2.1/org.mongodb/mongodb-driver-core/3.6.4/6e737a5d706036bed528522d445dd2ffc454bd6b/mongodb-driver-core-3.6.4.jar:/Users/apacheco/.gradle/caches/modules-2/files-2.1/org.mongodb/bson/3.6.4/da7487f3cba7ddd1e0b0814005960cf543e9d8/bson-3.6.4.jar:/Users/apacheco/.gradle/caches/modules-2/files-2.1/org.reactivestreams/reactive-streams/1.0.2/323964c36556eb0e6209f65c1cef72b53b461ab8/reactive-streams-1.0.2.jar:/Users/apacheco/.gradle/caches/modules-2/files-2.1/com.fasterxml.jackson.datatype/jackson-datatype-jdk8/2.9.6/456895fc91bf7180b216fead220373e6278230c9/jackson-datatype-jdk8-2.9.6.jar:/Users/apacheco/.gradle/caches/modules-2/files-2.1/com.fasterxml.jackson.datatype/jackson-datatype-jsr310/2.9.6/ea54f6193d224e5e5732bbd4262327eb465397c2/jackson-datatype-jsr310-2.9.6.jar:/Users/apacheco/.gradle/caches/modules-2/files-2.1/com.fasterxml.jackson.module/jackson-module-parameter-names/2.9.6/129acd77a4b6ee30d62d3a0899b1344c8ec2bff8/jackson-module-parameter-names-2.9.6.jar:/Users/apacheco/.gradle/caches/modules-2/files-2.1/com.fasterxml.jackson.core/jackson-databind/2.9.6/cfa4f316351a91bfd95cb0644c6a2c95f52db1fc/jackson-databind-2.9.6.jar:/Users/apacheco/.gradle/caches/modules-2/files-2.1/javax.validation/validation-api/2.0.1.Final/cb855558e6271b1b32e716d24cb85c7f583ce09e/validation-api-2.0.1.Final.jar:/Users/apacheco/.gradle/caches/modules-2/files-2.1/org.jboss.logging/jboss-logging/3.3.2.Final/3789d00e859632e6c6206adc0c71625559e6e3b0/jboss-logging-3.3.2.Final.jar:/Users/apacheco/.gradle/caches/modules-2/files-2.1/com.fasterxml/classmate/1.3.4/3d5f48f10bbe4eb7bd862f10c0583be2e0053c6/classmate-1.3.4.jar:/Users/apacheco/.gradle/caches/modules-2/files-2.1/org.hdrhistogram/HdrHistogram/2.1.10/9e1ac84eed220281841b75e72fb9de5a297fbf04/HdrHistogram-2.1.10.jar:/Users/apacheco/.gradle/caches/modules-2/files-2.1/org.latencyutils/LatencyUtils/2.0.3/769c0b82cb2421c8256300e907298a9410a2a3d3/LatencyUtils-2.0.3.jar:/Users/apacheco/.gradle/caches/modules-2/files-2.1/net.minidev/json-smart/2.3/7396407491352ce4fa30de92efb158adb76b5b/json-smart-2.3.jar:/Users/apacheco/.gradle/caches/modules-2/files-2.1/net.bytebuddy/byte-buddy/1.7.11/f02857a4e2c66ccbe7aaad6100a0a6c461bce9b3/byte-buddy-1.7.11.jar:/Users/apacheco/.gradle/caches/modules-2/files-2.1/net.bytebuddy/byte-buddy-agent/1.7.11/b425a8933ca07edd03c6dbc8bc3b595fba9780de/byte-buddy-agent-1.7.11.jar:/Users/apacheco/.gradle/caches/modules-2/files-2.1/org.objenesis/objenesis/2.6/639033469776fd37c08358c6b92a4761feb2af4b/objenesis-2.6.jar:/Users/apacheco/.gradle/caches/modules-2/files-2.1/com.vaadin.external.google/android-json/0.0.20131108.vaadin1/fa26d351fe62a6a17f5cda1287c1c6110dec413f/android-json-0.0.20131108.vaadin1.jar:/Users/apacheco/.gradle/caches/modules-2/files-2.1/org.springframework/spring-jcl/5.0.7.RELEASE/699016ddf454c2c167d9f84ae5777eccadf54728/spring-jcl-5.0.7.RELEASE.jar:/Users/apacheco/.gradle/caches/modules-2/files-2.1/org.attoparser/attoparser/2.0.4.RELEASE/5cf02c4d8303a81f0c80971bb1dcd40d3ba96009/attoparser-2.0.4.RELEASE.jar:/Users/apacheco/.gradle/caches/modules-2/files-2.1/org.unbescape/unbescape/1.1.5.RELEASE/46dc644ea9c234317d926ebac5bf5d8f114dc1ba/unbescape-1.1.5.RELEASE.jar:/Users/apacheco/.gradle/caches/modules-2/files-2.1/com.fasterxml.jackson.core/jackson-annotations/2.9.0/7c10d545325e3a6e72e06381afe469fd40eb701/jackson-annotations-2.9.0.jar:/Users/apacheco/.gradle/caches/modules-2/files-2.1/com.fasterxml.jackson.core/jackson-core/2.9.6/4e393793c37c77e042ccc7be5a914ae39251b365/jackson-core-2.9.6.jar:/Users/apacheco/.gradle/caches/modules-2/files-2.1/io.netty/netty-handler-proxy/4.1.25.Final/be053c1e9f4ac5463883aa7b692798ac7841359a/netty-handler-proxy-4.1.25.Final.jar:/Users/apacheco/.gradle/caches/modules-2/files-2.1/io.netty/netty-codec-http/4.1.25.Final/70888d3f2a829541378f68503ddd52c3193df35a/netty-codec-http-4.1.25.Final.jar:/Users/apacheco/.gradle/caches/modules-2/files-2.1/io.netty/netty-handler/4.1.25.Final/ecdfb8fe93a8b75db3ea8746d3437eed845c24bd/netty-handler-4.1.25.Final.jar:/Users/apacheco/.gradle/caches/modules-2/files-2.1/io.netty/netty-transport-native-epoll/4.1.25.Final/7f5d8952131191f42071ca6564c5a17d34b3aa7a/netty-transport-native-epoll-4.1.25.Final-linux-x86_64.jar:/Users/apacheco/.gradle/caches/modules-2/files-2.1/net.minidev/accessors-smart/1.2/c592b500269bfde36096641b01238a8350f8aa31/accessors-smart-1.2.jar:/Users/apacheco/.gradle/caches/modules-2/files-2.1/ch.qos.logback/logback-core/1.2.3/864344400c3d4d92dfeb0a305dc87d953677c03c/logback-core-1.2.3.jar:/Users/apacheco/.gradle/caches/modules-2/files-2.1/org.apache.logging.log4j/log4j-api/2.10.0/fec5797a55b786184a537abd39c3fa1449d752d6/log4j-api-2.10.0.jar:/Users/apacheco/.gradle/caches/modules-2/files-2.1/io.netty/netty-codec-socks/4.1.25.Final/81d672c2823d83825b4839673828bcf20fd53e2c/netty-codec-socks-4.1.25.Final.jar:/Users/apacheco/.gradle/caches/modules-2/files-2.1/io.netty/netty-codec/4.1.25.Final/3e465c75bead40d06b5b9c0612b37cf77c548887/netty-codec-4.1.25.Final.jar:/Users/apacheco/.gradle/caches/modules-2/files-2.1/io.netty/netty-transport-native-unix-common/4.1.25.Final/98002036ed78849faf59e2f4df5d12cc53ec6b94/netty-transport-native-unix-common-4.1.25.Final.jar:/Users/apacheco/.gradle/caches/modules-2/files-2.1/io.netty/netty-transport/4.1.25.Final/19a6f1f649894b6705aa9d8cbcced188dff133b0/netty-transport-4.1.25.Final.jar:/Users/apacheco/.gradle/caches/modules-2/files-2.1/io.netty/netty-buffer/4.1.25.Final/f366d0cc87b158ca064d27507127e3cc4eb2f089/netty-buffer-4.1.25.Final.jar:/Users/apacheco/.gradle/caches/modules-2/files-2.1/io.netty/netty-resolver/4.1.25.Final/dc0965d00746b782b33f419b005cbc130973030d/netty-resolver-4.1.25.Final.jar:/Users/apacheco/.gradle/caches/modules-2/files-2.1/io.netty/netty-common/4.1.25.Final/e17d5c05c101fe14536ce3fb34b36c54e04791f6/netty-common-4.1.25.Final.jar:/Users/apacheco/.gradle/caches/modules-2/files-2.1/org.ow2.asm/asm/5.0.4/da08b8cce7bbf903602a25a3a163ae252435795/asm-5.0.4.jar, user.name=apacheco, java.vm.specification.version=1.8, sun.java.command=worker.org.gradle.process.internal.worker.GradleWorkerMain 'Gradle Test Executor 3', java.home=/Library/Java/JavaVirtualMachines/jdk1.8.0_161.jdk/Contents/Home/jre, sun.arch.data.model=64, user.language=en, java.specification.vendor=Oracle Corporation, awt.toolkit=sun.lwawt.macosx.LWCToolkit, java.vm.info=mixed mode, java.version=1.8.0_161, java.ext.dirs=/Users/apacheco/Library/Java/Extensions:/Library/Java/JavaVirtualMachines/jdk1.8.0_161.jdk/Contents/Home/jre/lib/ext:/Library/Java/Extensions:/Network/Library/Java/Extensions:/System/Library/Java/Extensions:/usr/lib/java, sun.boot.class.path=/Library/Java/JavaVirtualMachines/jdk1.8.0_161.jdk/Contents/Home/jre/lib/resources.jar:/Library/Java/JavaVirtualMachines/jdk1.8.0_161.jdk/Contents/Home/jre/lib/rt.jar:/Library/Java/JavaVirtualMachines/jdk1.8.0_161.jdk/Contents/Home/jre/lib/sunrsasign.jar:/Library/Java/JavaVirtualMachines/jdk1.8.0_161.jdk/Contents/Home/jre/lib/jsse.jar:/Library/Java/JavaVirtualMachines/jdk1.8.0_161.jdk/Contents/Home/jre/lib/jce.jar:/Library/Java/JavaVirtualMachines/jdk1.8.0_161.jdk/Contents/Home/jre/lib/charsets.jar:/Library/Java/JavaVirtualMachines/jdk1.8.0_161.jdk/Contents/Home/jre/lib/jfr.jar:/Library/Java/JavaVirtualMachines/jdk1.8.0_161.jdk/Contents/Home/jre/classes, java.vendor=Oracle Corporation, org.gradle.test.worker=3, file.separator=/, java.vendor.url.bug=http://bugreport.sun.com/bugreport/, sun.io.unicode.encoding=UnicodeBig, sun.cpu.endian=little, socksNonProxyHosts=local|*.local|169.254/16|*.169.254/16, ftp.nonProxyHosts=local|*.local|169.254/16|*.169.254/16, sun.cpu.isalist=}}, SystemEnvironmentPropertySource@177504370 {name='systemEnvironment', properties={NVM_RC_VERSION=, PATH=/usr/local/sbin:/Users/apacheco/.sdkman/candidates/kotlin/current/bin:/Users/apacheco/google-cloud-sdk/bin:/usr/local/bin:/usr/bin:/bin:/usr/sbin:/sbin:/usr/local/go/bin:/usr/local/share/dotnet:/Library/Frameworks/Mono.framework/Versions/Current/Commands:/Applications/Xamarin Workbooks.app/Contents/SharedSupport/path-bin:/usr/local/go/bin:/Users/apacheco/go/bin, SDKMAN_VERSION=5.6.4+305, JAVA_ARCH=x86_64, KOTLIN_HOME=/Users/apacheco/.sdkman/candidates/kotlin/current, TERM=xterm-256color, COMMAND_MODE=unix2003, ITERM_SESSION_ID=w0t0p1:3D59F319-2B77-44DA-9B7E-EFD5C168033F, COLORTERM=truecolor, SDKMAN_DIR=/Users/apacheco/.sdkman, LOGNAME=apacheco, XPC_SERVICE_NAME=0, PWD=/Users/apacheco/code/learn-spring-boot, TERM_PROGRAM_VERSION=3.1.5, JAVA_MAIN_CLASS_1623=worker.org.gradle.process.internal.worker.GradleWorkerMain, SDKMAN_CANDIDATES_DIR=/Users/apacheco/.sdkman/candidates, SDKMAN_LEGACY_API=https://api.sdkman.io/1, NVM_CD_FLAGS=-q, NVM_DIR=/Users/apacheco/.nvm, SHELL=/bin/zsh, TERM_PROGRAM=iTerm.app, PAGER=less, APP_ICON_1610=/Users/apacheco/code/learn-spring-boot/media/gradle.icns, LSCOLORS=Gxfxcxdxbxegedabagacad, GITHUB_TOKEN=de56b157880afd3b503cf8fc31ed5767ca79023b, SECURITYSESSIONID=186a8, GOPATH=/Users/apacheco/go, SDKMAN_PLATFORM=Darwin, OLDPWD=/Users/apacheco/code/learn-spring-boot, USER=apacheco, APP_NAME_1610=Gradle, ZSH=/Users/apacheco/.oh-my-zsh, ITERM_PROFILE=Default, TMPDIR=/var/folders/fk/5kc9vt5j0f7672mwz77550n00000gn/T/, SSH_AUTH_SOCK=/private/tmp/com.apple.launchd.8ygN64PWGq/Listeners, XPC_FLAGS=0x0, TERM_SESSION_ID=w0t0p1:3D59F319-2B77-44DA-9B7E-EFD5C168033F, __CF_USER_TEXT_ENCODING=0x1F5:0x0:0x0, Apple_PubSub_Socket_Render=/private/tmp/com.apple.launchd.pVcUxfZ4C2/Render, com.apple.java.jvmTask=CommandLine, LESS=-R, LC_CTYPE=UTF-8, COLORFGBG=7;0, JAVA_MAIN_CLASS_1610=org.gradle.wrapper.GradleWrapperMain, HOME=/Users/apacheco, SHLVL=1, SDKMAN_CURRENT_API=https://api.sdkman.io/2}}]
21:20:09.747 [Test worker] DEBUG org.springframework.test.context.support.TestPropertySourceUtils - Adding inlined properties to environment: {spring.jmx.enabled=false, org.springframework.boot.test.context.SpringBootTestContextBootstrapper=true, server.port=-1}
21:20:09.748 [Test worker] DEBUG org.springframework.core.env.StandardEnvironment - Adding PropertySource 'Inlined Test Properties' with highest search precedence

  .   ____          _            __ _ _
 /\\ / ___'_ __ _ _(_)_ __  __ _ \ \ \ \
( ( )\___ | '_ | '_| | '_ \/ _` | \ \ \ \
 \\/  ___)| |_)| | | | | || (_| |  ) ) ) )
  '  |____| .__|_| |_|_| |_\__, | / / / /
 =========|_|==============|___/=/_/_/_/
 :: Spring Boot ::        (v2.0.3.RELEASE)

2018-06-30 21:20:10.648  INFO 1623 --- [    Test worker] i.p.a.l.LearnSpringBootApplicationTests  : Starting LearnSpringBootApplicationTests on Alejandros-MBP with PID 1623 (started by apacheco in /Users/apacheco/code/learn-spring-boot)
2018-06-30 21:20:10.651  INFO 1623 --- [    Test worker] i.p.a.l.LearnSpringBootApplicationTests  : No active profile set, falling back to default profiles: default
2018-06-30 21:20:10.884  INFO 1623 --- [    Test worker] r.c.GenericReactiveWebApplicationContext : Refreshing org.springframework.boot.web.reactive.context.GenericReactiveWebApplicationContext@50dee4b8: startup date [Sat Jun 30 21:20:10 CLT 2018]; root of context hierarchy
2018-06-30 21:20:14.649  WARN 1623 --- [    Test worker] ion$DefaultTemplateResolverConfiguration : Cannot find template location: classpath:/templates/ (please add some templates or check your Thymeleaf configuration)
2018-06-30 21:20:15.274  INFO 1623 --- [    Test worker] s.w.r.r.m.a.RequestMappingHandlerMapping : Mapped "{[],methods=[GET]}" onto public java.lang.String io.pivotal.ampacheco.learnspringboot.HomeController.greeting(java.lang.String)
2018-06-30 21:20:15.340  INFO 1623 --- [    Test worker] o.s.w.r.handler.SimpleUrlHandlerMapping  : Mapped URL path [/webjars/**] onto handler of type [class org.springframework.web.reactive.resource.ResourceWebHandler]
2018-06-30 21:20:15.340  INFO 1623 --- [    Test worker] o.s.w.r.handler.SimpleUrlHandlerMapping  : Mapped URL path [/**] onto handler of type [class org.springframework.web.reactive.resource.ResourceWebHandler]
2018-06-30 21:20:16.230  INFO 1623 --- [    Test worker] org.mongodb.driver.cluster               : Cluster created with settings {hosts=[localhost:27017], mode=SINGLE, requiredClusterType=UNKNOWN, serverSelectionTimeout='30000 ms', maxWaitQueueSize=500}
2018-06-30 21:20:16.459  INFO 1623 --- [localhost:27017] org.mongodb.driver.cluster               : Exception in monitor thread while connecting to server localhost:27017

com.mongodb.MongoSocketOpenException: Exception opening socket
	at com.mongodb.connection.netty.NettyStream$2.operationComplete(NettyStream.java:158) ~[mongodb-driver-core-3.6.4.jar:na]
	at com.mongodb.connection.netty.NettyStream$2.operationComplete(NettyStream.java:145) ~[mongodb-driver-core-3.6.4.jar:na]
	at io.netty.util.concurrent.DefaultPromise.notifyListener0(DefaultPromise.java:511) ~[netty-common-4.1.25.Final.jar:4.1.25.Final]
	at io.netty.util.concurrent.DefaultPromise.notifyListeners0(DefaultPromise.java:504) ~[netty-common-4.1.25.Final.jar:4.1.25.Final]
	at io.netty.util.concurrent.DefaultPromise.notifyListenersNow(DefaultPromise.java:483) ~[netty-common-4.1.25.Final.jar:4.1.25.Final]
	at io.netty.util.concurrent.DefaultPromise.notifyListeners(DefaultPromise.java:424) ~[netty-common-4.1.25.Final.jar:4.1.25.Final]
	at io.netty.util.concurrent.DefaultPromise.tryFailure(DefaultPromise.java:121) ~[netty-common-4.1.25.Final.jar:4.1.25.Final]
	at io.netty.channel.nio.AbstractNioChannel$AbstractNioUnsafe.fulfillConnectPromise(AbstractNioChannel.java:327) ~[netty-transport-4.1.25.Final.jar:4.1.25.Final]
	at io.netty.channel.nio.AbstractNioChannel$AbstractNioUnsafe.finishConnect(AbstractNioChannel.java:343) ~[netty-transport-4.1.25.Final.jar:4.1.25.Final]
	at io.netty.channel.nio.NioEventLoop.processSelectedKey(NioEventLoop.java:635) ~[netty-transport-4.1.25.Final.jar:4.1.25.Final]
	at io.netty.channel.nio.NioEventLoop.processSelectedKeysOptimized(NioEventLoop.java:582) ~[netty-transport-4.1.25.Final.jar:4.1.25.Final]
	at io.netty.channel.nio.NioEventLoop.processSelectedKeys(NioEventLoop.java:499) ~[netty-transport-4.1.25.Final.jar:4.1.25.Final]
	at io.netty.channel.nio.NioEventLoop.run(NioEventLoop.java:461) ~[netty-transport-4.1.25.Final.jar:4.1.25.Final]
	at io.netty.util.concurrent.SingleThreadEventExecutor$5.run(SingleThreadEventExecutor.java:884) ~[netty-common-4.1.25.Final.jar:4.1.25.Final]
	at io.netty.util.concurrent.FastThreadLocalRunnable.run(FastThreadLocalRunnable.java:30) ~[netty-common-4.1.25.Final.jar:4.1.25.Final]
	at java.lang.Thread.run(Thread.java:748) [na:1.8.0_161]
Caused by: io.netty.channel.AbstractChannel$AnnotatedConnectException: Connection refused: localhost/127.0.0.1:27017
	at sun.nio.ch.SocketChannelImpl.checkConnect(Native Method) ~[na:1.8.0_161]
	at sun.nio.ch.SocketChannelImpl.finishConnect(SocketChannelImpl.java:717) ~[na:1.8.0_161]
	at io.netty.channel.socket.nio.NioSocketChannel.doFinishConnect(NioSocketChannel.java:325) ~[netty-transport-4.1.25.Final.jar:4.1.25.Final]
	at io.netty.channel.nio.AbstractNioChannel$AbstractNioUnsafe.finishConnect(AbstractNioChannel.java:340) ~[netty-transport-4.1.25.Final.jar:4.1.25.Final]
	... 7 common frames omitted
Caused by: java.net.ConnectException: Connection refused
	... 11 common frames omitted

2018-06-30 21:20:16.737  INFO 1623 --- [    Test worker] org.mongodb.driver.cluster               : Cluster created with settings {hosts=[localhost:27017], mode=SINGLE, requiredClusterType=UNKNOWN, serverSelectionTimeout='30000 ms', maxWaitQueueSize=500}
2018-06-30 21:20:16.754  INFO 1623 --- [localhost:27017] org.mongodb.driver.cluster               : Exception in monitor thread while connecting to server localhost:27017

com.mongodb.MongoSocketOpenException: Exception opening socket
	at com.mongodb.connection.SocketStream.open(SocketStream.java:62) ~[mongodb-driver-core-3.6.4.jar:na]
	at com.mongodb.connection.InternalStreamConnection.open(InternalStreamConnection.java:126) ~[mongodb-driver-core-3.6.4.jar:na]
	at com.mongodb.connection.DefaultServerMonitor$ServerMonitorRunnable.run(DefaultServerMonitor.java:114) ~[mongodb-driver-core-3.6.4.jar:na]
	at java.lang.Thread.run(Thread.java:748) [na:1.8.0_161]
Caused by: java.net.ConnectException: Connection refused (Connection refused)
	at java.net.PlainSocketImpl.socketConnect(Native Method) ~[na:1.8.0_161]
	at java.net.AbstractPlainSocketImpl.doConnect(AbstractPlainSocketImpl.java:350) ~[na:1.8.0_161]
	at java.net.AbstractPlainSocketImpl.connectToAddress(AbstractPlainSocketImpl.java:206) ~[na:1.8.0_161]
	at java.net.AbstractPlainSocketImpl.connect(AbstractPlainSocketImpl.java:188) ~[na:1.8.0_161]
	at java.net.SocksSocketImpl.connect(SocksSocketImpl.java:392) ~[na:1.8.0_161]
	at java.net.Socket.connect(Socket.java:589) ~[na:1.8.0_161]
	at com.mongodb.connection.SocketStreamHelper.initialize(SocketStreamHelper.java:59) ~[mongodb-driver-core-3.6.4.jar:na]
	at com.mongodb.connection.SocketStream.open(SocketStream.java:57) ~[mongodb-driver-core-3.6.4.jar:na]
	... 3 common frames omitted

2018-06-30 21:20:17.961  INFO 1623 --- [    Test worker] o.s.b.a.e.web.EndpointLinksResolver      : Exposing 2 endpoint(s) beneath base path '/actuator'
2018-06-30 21:20:17.993  INFO 1623 --- [    Test worker] .b.a.e.w.r.WebFluxEndpointHandlerMapping : Mapped "{[/actuator/health],methods=[GET],produces=[application/vnd.spring-boot.actuator.v2+json || application/json]}" onto public org.reactivestreams.Publisher<org.springframework.http.ResponseEntity<java.lang.Object>> org.springframework.boot.actuate.endpoint.web.reactive.AbstractWebFluxEndpointHandlerMapping$ReadOperationHandler.handle(org.springframework.web.server.ServerWebExchange)
2018-06-30 21:20:17.997  INFO 1623 --- [    Test worker] .b.a.e.w.r.WebFluxEndpointHandlerMapping : Mapped "{[/actuator/info],methods=[GET],produces=[application/vnd.spring-boot.actuator.v2+json || application/json]}" onto public org.reactivestreams.Publisher<org.springframework.http.ResponseEntity<java.lang.Object>> org.springframework.boot.actuate.endpoint.web.reactive.AbstractWebFluxEndpointHandlerMapping$ReadOperationHandler.handle(org.springframework.web.server.ServerWebExchange)
2018-06-30 21:20:18.000  INFO 1623 --- [    Test worker] .b.a.e.w.r.WebFluxEndpointHandlerMapping : Mapped "{[/actuator],methods=[GET],produces=[application/vnd.spring-boot.actuator.v2+json || application/json]}" onto protected java.util.Map<java.lang.String, java.util.Map<java.lang.String, org.springframework.boot.actuate.endpoint.web.Link>> org.springframework.boot.actuate.endpoint.web.reactive.WebFluxEndpointHandlerMapping.links(org.springframework.web.server.ServerWebExchange)
2018-06-30 21:20:18.089  INFO 1623 --- [    Test worker] o.s.w.r.r.m.a.ControllerMethodResolver   : Looking for @ControllerAdvice: org.springframework.boot.web.reactive.context.GenericReactiveWebApplicationContext@50dee4b8: startup date [Sat Jun 30 21:20:10 CLT 2018]; root of context hierarchy
2018-06-30 21:20:19.309  INFO 1623 --- [    Test worker] i.p.a.l.LearnSpringBootApplicationTests  : Started LearnSpringBootApplicationTests in 9.537 seconds (JVM running for 11.813)
]]></system-out>
  <system-err><![CDATA[]]></system-err>
</testsuite>
